<?xml version="1.0" encoding="UTF-8"?>
<!-- Generated by org.testng.reporters.JUnitReportReporter -->
<testsuite ignored="0" hostname="LAPTOP-AQVMU76Q" failures="0" tests="3" name="org.rev.Deponds_On" time="0.025" errors="0" timestamp="07 Apr 2025 17:36:57 GMT" skipped="0">
  <testcase classname="org.rev.Deponds_On" name="pass" time="0.002"/>
  <testcase classname="org.rev.Deponds_On" name="login" time="0.001"/>
  <testcase classname="org.rev.Deponds_On" name="user" time="0.022"/>
</testsuite> <!-- org.rev.Deponds_On -->
