<?xml version="1.0" encoding="UTF-8"?>
<!-- Generated by org.testng.reporters.JUnitReportReporter -->
<testsuite ignored="0" hostname="LAPTOP-AQVMU76Q" failures="0" tests="10" name="org.rev.Invocation_Count" time="0.033" errors="0" timestamp="07 Apr 2025 17:18:02 GMT" skipped="0">
  <testcase classname="org.rev.Invocation_Count" name="test" time="0.003"/>
  <testcase classname="org.rev.Invocation_Count" name="test" time="0.002"/>
  <testcase classname="org.rev.Invocation_Count" name="test" time="0.002"/>
  <testcase classname="org.rev.Invocation_Count" name="test" time="0.001"/>
  <testcase classname="org.rev.Invocation_Count" name="test" time="0.003"/>
  <testcase classname="org.rev.Invocation_Count" name="test" time="0.001"/>
  <testcase classname="org.rev.Invocation_Count" name="test" time="0.001"/>
  <testcase classname="org.rev.Invocation_Count" name="test" time="0.001"/>
  <testcase classname="org.rev.Invocation_Count" name="test" time="0.004"/>
  <testcase classname="org.rev.Invocation_Count" name="test" time="0.015"/>
</testsuite> <!-- org.rev.Invocation_Count -->
