<?xml version="1.0" encoding="UTF-8"?>
<!-- Generated by org.testng.reporters.JUnitReportReporter -->
<testsuite ignored="0" hostname="LAPTOP-AQVMU76Q" failures="0" tests="3" name="org.rev.Group1" time="0.006" errors="0" timestamp="07 Apr 2025 17:08:21 GMT" skipped="0">
  <testcase classname="org.rev.Group1" name="test2" time="0.002"/>
  <testcase classname="org.rev.Group1" name="test3" time="0.003"/>
  <testcase classname="org.rev.Group1" name="test" time="0.001"/>
</testsuite> <!-- org.rev.Group1 -->
