<?xml version="1.0" encoding="UTF-8"?>
<!-- Generated by org.testng.reporters.JUnitReportReporter -->
<testsuite ignored="0" hostname="LAPTOP-AQVMU76Q" failures="0" tests="3" name="org.rev.Parallel_Method" time="0.069" errors="0" timestamp="07 Apr 2025 19:19:35 GMT" skipped="0">
  <testcase classname="org.rev.Parallel_Method" name="pass" time="0.023"/>
  <testcase classname="org.rev.Parallel_Method" name="user" time="0.023"/>
  <testcase classname="org.rev.Parallel_Method" name="login" time="0.023"/>
</testsuite> <!-- org.rev.Parallel_Method -->
