<?xml version="1.0" encoding="UTF-8"?>
<!-- Generated by org.testng.reporters.JUnitReportReporter -->
<testsuite ignored="0" hostname="LAPTOP-AQVMU76Q" failures="0" tests="1" name="org.rev.TestNG_Ex" time="0.011" errors="0" timestamp="07 Apr 2025 16:30:58 GMT" skipped="0">
  <testcase classname="org.rev.TestNG_Ex" name="test" time="0.011"/>
</testsuite> <!-- org.rev.TestNG_Ex -->
