<?xml version="1.0" encoding="UTF-8"?>
<!-- Generated by org.testng.reporters.JUnitReportReporter -->
<testsuite ignored="0" hostname="LAPTOP-AQVMU76Q" failures="0" tests="2" name="org.rev.Parallel_Test" time="18.251" errors="0" timestamp="08 Apr 2025 12:20:55 GMT" skipped="0">
  <testcase classname="org.rev.Parallel_Test" name="chrome" time="8.914"/>
  <testcase classname="org.rev.Parallel_Test" name="chrome" time="9.337"/>
</testsuite> <!-- org.rev.Parallel_Test -->
