<?xml version="1.0" encoding="UTF-8"?>
<!-- Generated by org.testng.reporters.JUnitReportReporter -->
<testsuite ignored="2" hostname="LAPTOP-AQVMU76Q" failures="0" tests="1" name="org.rev.Ignore_Test" time="0.018" errors="0" timestamp="07 Apr 2025 17:32:59 GMT" skipped="0">
  <testcase classname="org.rev.Ignore_Test" name="test2" time="0.018"/>
  <testcase classname="org.rev.Ignore_Test" name="test">
    <skipped/>
  </testcase> <!-- test -->
  <testcase classname="org.rev.Ignore_Test" name="test3">
    <skipped/>
  </testcase> <!-- test3 -->
</testsuite> <!-- org.rev.Ignore_Test -->
