<?xml version="1.0" encoding="UTF-8"?>
<!-- Generated by org.testng.reporters.JUnitReportReporter -->
<testsuite ignored="0" hostname="LAPTOP-AQVMU76Q" failures="0" tests="3" name="org.rev.Parallel_Class1" time="0.018" errors="0" timestamp="07 Apr 2025 19:33:42 GMT" skipped="0">
  <testcase classname="org.rev.Parallel_Class1" name="login" time="0.013"/>
  <testcase classname="org.rev.Parallel_Class1" name="pass" time="0.002"/>
  <testcase classname="org.rev.Parallel_Class1" name="user" time="0.003"/>
</testsuite> <!-- org.rev.Parallel_Class1 -->
