<?xml version="1.0" encoding="UTF-8"?>
<!-- Generated by org.testng.reporters.JUnitReportReporter -->
<testsuite ignored="0" hostname="LAPTOP-AQVMU76Q" failures="0" tests="2" name="org.rev.DataProvider_Test" time="0.028" errors="0" timestamp="08 Apr 2025 12:32:06 GMT" skipped="0">
  <testcase classname="org.rev.DataProvider_Test" name="test" time="0.025"/>
  <testcase classname="org.rev.DataProvider_Test" name="test" time="0.003"/>
</testsuite> <!-- org.rev.DataProvider_Test -->
