<?xml version="1.0" encoding="UTF-8"?>
<!-- Generated by org.testng.reporters.JUnitReportReporter -->
<testsuite ignored="0" hostname="LAPTOP-AQVMU76Q" failures="0" tests="3" name="org.rev.Test_Priority" time="0.021" errors="0" timestamp="07 Apr 2025 16:42:09 GMT" skipped="0">
  <testcase classname="org.rev.Test_Priority" name="test2" time="0.001"/>
  <testcase classname="org.rev.Test_Priority" name="test" time="0.017"/>
  <testcase classname="org.rev.Test_Priority" name="test3" time="0.003"/>
</testsuite> <!-- org.rev.Test_Priority -->
