<?xml version="1.0" encoding="UTF-8"?>
<!-- Generated by org.testng.reporters.JUnitReportReporter -->
<testsuite ignored="0" hostname="LAPTOP-AQVMU76Q" failures="0" tests="3" name="org.rev.Test2" time="0.021" errors="0" timestamp="07 Apr 2025 16:50:08 GMT" skipped="0">
  <testcase classname="org.rev.Test2" name="test3" time="0.001"/>
  <testcase classname="org.rev.Test2" name="test2" time="0.002"/>
  <testcase classname="org.rev.Test2" name="test" time="0.018"/>
</testsuite> <!-- org.rev.Test2 -->
