<?xml version="1.0" encoding="UTF-8"?>
<!-- Generated by org.testng.reporters.JUnitReportReporter -->
<testsuite ignored="0" hostname="LAPTOP-AQVMU76Q" failures="0" tests="2" name="org.rev.DataProvider_Rev" time="0.018" errors="0" timestamp="08 Apr 2025 15:40:18 GMT" skipped="0">
  <testcase classname="org.rev.DataProvider_Rev" name="test1" time="0.015"/>
  <testcase classname="org.rev.DataProvider_Rev" name="test1" time="0.003"/>
</testsuite> <!-- org.rev.DataProvider_Rev -->
