<?xml version="1.0" encoding="UTF-8"?>
<!-- Generated by org.testng.reporters.JUnitReportReporter -->
<testsuite ignored="0" hostname="LAPTOP-AQVMU76Q" failures="0" tests="3" name="org.rev.Parallel_Class2" time="0.017" errors="0" timestamp="07 Apr 2025 19:33:42 GMT" skipped="0">
  <testcase classname="org.rev.Parallel_Class2" name="login1" time="0.013"/>
  <testcase classname="org.rev.Parallel_Class2" name="user1" time="0.002"/>
  <testcase classname="org.rev.Parallel_Class2" name="pass1" time="0.002"/>
</testsuite> <!-- org.rev.Parallel_Class2 -->
